000000	render:parse: AttributeError: 'Unpitched' object has no attribute 'pitch'	/root/datasets/pdmx/mxl/1/15/Qmbdh8CFKpgrwS5F6cFfJWnGr7CSJ4Akktk4ddKhMJqrJC.mxl
000002	render:parse: AttributeError: 'Unpitched' object has no attribute 'pitch'	/root/datasets/pdmx/mxl/11/21/QmTgb9HhhuNLdem4DpNiuFuNimhw8A1vrrnEkzUgYt8tnH.mxl
000031	render:parse: AttributeError: 'Unpitched' object has no attribute 'pitch'	/root/datasets/pdmx/mxl/11/1/QmT2Zvc4xJWkpgQsKn13QDMr5faZCgfC64p6a7mpV6yYUN.mxl
000039	render:parse: AttributeError: 'PercussionChord' object has no attribute 'pitch'	/root/datasets/pdmx/mxl/15/23/QmXhcJJQ7Dk1T8D5MP8efYkMm6mxDrjb99ciySSRSbTEcf.mxl
000044	render:parse: AttributeError: 'PercussionChord' object has no attribute 'pitch'	/root/datasets/pdmx/mxl/3/24/QmdHSx47usav5WJgHUzFAGpMHxTei85qaR5Ktdqg6nfV51.mxl
000046	render:parse: AttributeError: 'Unpitched' object has no attribute 'pitch'	/root/datasets/pdmx/mxl/0/35/Qmao7tURfu3vbJLgRU4HzYTG3ndg9hK8yvJPszowEAJVVA.mxl
000047	render:parse: ExpanderException: cannot expand Stream: badly formed repeats or repeat expressions	/root/datasets/pdmx/mxl/6/11/QmNbzDKaoK7fXCBQATpsHATejN6siUBZtMah9nhz8FwkKL.mxl
000049	render:parse: AttributeError: 'Unpitched' object has no attribute 'pitch'	/root/datasets/pdmx/mxl/12/51/QmUWQAsui5QwBDU8QNr42BTs1NtnSo6y6tdbjvaeTmYmGy.mxl
000058	render:parse: AttributeError: 'Unpitched' object has no attribute 'pitch'	/root/datasets/pdmx/mxl/8/12/QmQBqekTkHcA8rxw9W8s3a1q3qza7NZ2GsBjYfPytCteLe.mxl
000069	render:parse: AttributeError: 'Unpitched' object has no attribute 'pitch'	/root/datasets/pdmx/mxl/14/22/QmWGsnzzFL71DkctxgzGAV5KgKiCjQ9ARumMXpaixoDmAv.mxl
000087	render:parse: ExpanderException: cannot expand Stream: badly formed repeats or repeat expressions	/root/datasets/pdmx/mxl/0/38/QmaqmoN9YB53i1oFJpCkkpzTY742R16s2VzgBpY9RGHce3.mxl
000091	render:parse: ExpanderException: cannot expand Stream: badly formed repeats or repeat expressions	/root/datasets/pdmx/mxl/7/57/QmPZYeA6zJ1RciHnQ2rzHAinb5cgGNuawtFuzfsYzU6v1x.mxl
000134	render:parse: ExpanderException: cannot expand Stream: badly formed repeats or repeat expressions	/root/datasets/pdmx/mxl/1/1/Qmb23rF3sGfTFAnWmBR1K3dJkMqmFCQrP13tcWTNY2PiRp.mxl
000135	render:parse: ExpanderException: cannot expand Stream: badly formed repeats or repeat expressions	/root/datasets/pdmx/mxl/14/24/QmWHVh7NYgieoZbCLGzr19yf4dZTCwQtmFfYgrD3uUS3CQ.mxl
000136	render:parse: ExpanderException: cannot expand Stream: badly formed repeats or repeat expressions	/root/datasets/pdmx/mxl/9/18/QmREn5Ez6ELSTEheXPM5A41i9pXgza8JVBhUFrb8pTMU8m.mxl
000143	render:parse: AttributeError: 'Unpitched' object has no attribute 'pitch'	/root/datasets/pdmx/mxl/9/44/QmRti8rjGj5sxGnfhYMQhXWVtBL1zQ4j2TPjrxEv9VjwpT.mxl
000144	render:parse: AttributeError: 'Unpitched' object has no attribute 'pitch'	/root/datasets/pdmx/mxl/8/12/QmQB5GvugNsDU7F9JBXWcchTkevFpL2pU1Ld6BdKVmN1Qm.mxl
000152	render:parse: AttributeError: 'Unpitched' object has no attribute 'pitch'	/root/datasets/pdmx/mxl/9/20/QmRFbWzzRjnkmUSuZKj6VjpNXTa86dCSSHfkB8JoLFRD9B.mxl
000163	render:parse: AttributeError: 'Unpitched' object has no attribute 'pitch'	/root/datasets/pdmx/mxl/16/53/QmYXsqz8pAoCmfK6GYehYL9w4TJ9bGEm7T4ZnhYDqEj3Yp.mxl
000170	render:parse: AttributeError: 'Unpitched' object has no attribute 'pitch'	/root/datasets/pdmx/mxl/4/25/QmeiuQJi9oFpg1Dx6v4o2cYVivn2rLVKJxMNNd1rTFEcJZ.mxl
000176	render:parse: ExpanderException: cannot expand Stream: badly formed repeats or repeat expressions	/root/datasets/pdmx/mxl/2/30/QmcLqN3mkoSr3ZHPMPXXDD1YtrzX4axwAXs6EAxopyPXMR.mxl
000184	render:parse: AttributeError: 'PercussionChord' object has no attribute 'pitch'	/root/datasets/pdmx/mxl/14/3/QmW43JNBQDMyE5uQbuQHhoMcWhDV3oxy6smsY8Qab73Wox.mxl
000187	render:parse: AttributeError: 'Unpitched' object has no attribute 'pitch'	/root/datasets/pdmx/mxl/9/37/QmRPY7k78ASwjcrpqt7q9HFS9Z8asCsKPR7bcn78GKzcyq.mxl
000188	render:parse: AttributeError: 'PercussionChord' object has no attribute 'pitch'	/root/datasets/pdmx/mxl/8/13/QmQcFx15qxYfdKnyfSpsAMSmd5ianYMxSkPv1Gukk2L4C8.mxl
000190	render:parse: AttributeError: 'Unpitched' object has no attribute 'pitch'	/root/datasets/pdmx/mxl/0/29/QmaK4J8zVrPZdfXVZiYzfEZVaK9CfHBMx8mGbadJPe6iLL.mxl
000192	render:parse: AttributeError: 'Unpitched' object has no attribute 'pitch'	/root/datasets/pdmx/mxl/0/40/QmarPD1V7oGWkDWVBJ18gsoMQ7smfb28nGW9qZuvP5kgeN.mxl
000193	render:parse: AttributeError: 'Unpitched' object has no attribute 'pitch'	/root/datasets/pdmx/mxl/7/24/QmPHGaVnRpT3xbrYF2N2vkjqSzMF2AyamU9gDQsN8phZxS.mxl
000195	render:parse: IndexError: attempting to access index -1 while elements is of size 0	/root/datasets/pdmx/mxl/11/49/QmTVcUQj7CXVQFU4chpZsoAkPghozmvrZ3VJMHBmmjHB6M.mxl
000196	render:parse: AttributeError: 'Unpitched' object has no attribute 'pitch'	/root/datasets/pdmx/mxl/17/1/QmZ2NJXfm1XHi4MaJPzMj63zXoxozsMXVJihG1QPTcN9aH.mxl
000197	render:parse: AttributeError: 'Unpitched' object has no attribute 'pitch'	/root/datasets/pdmx/mxl/8/10/QmQAJ9tqqyAycd6ngtYxsYvBYxPZbJYwbn7P3u4gudt5FZ.mxl
000201	render:parse: AttributeError: 'Unpitched' object has no attribute 'pitch'	/root/datasets/pdmx/mxl/11/31/QmTmpyK8yT8ysmHr9nwtrbHTSDVUXpfPHyPH2ySMCQsuk1.mxl
000204	render:parse: AttributeError: 'Unpitched' object has no attribute 'pitch'	/root/datasets/pdmx/mxl/1/53/QmbXkwkwn5eV5MvxYUqcDmxynyHUasSJGtWxShsz2Sr6Vf.mxl
000207	render:parse: AttributeError: 'Unpitched' object has no attribute 'pitch'	/root/datasets/pdmx/mxl/2/12/QmcBS68vicQW2qTEikMRgsLnjzKM6eSZddJWj1WwJpphNh.mxl
000208	render:parse: AttributeError: 'PercussionChord' object has no attribute 'pitch'	/root/datasets/pdmx/mxl/4/54/QmeyoU2VeccFZq4vzaGpykDVXMT9hyhmQUrpF19EY7HZb8.mxl
000210	render:parse: AttributeError: 'Unpitched' object has no attribute 'pitch'	/root/datasets/pdmx/mxl/7/15/QmPdqZDsNygKeTjVp5VdqYVUhsLP4TLhzuJEzjM7UL4QDJ.mxl
000244	render:parse: ExpanderException: cannot expand Stream: badly formed repeats or repeat expressions	/root/datasets/pdmx/mxl/0/8/Qma9LpgkyVQT3QGHbirfiW9G5V1L5iKdj6QeDFVHq9okAH.mxl
000271	render:parse: AttributeError: 'PercussionChord' object has no attribute 'pitch'	/root/datasets/pdmx/mxl/12/37/QmUPaCtDY77NyKwvxbzCjk5C3yGspScG7JXYgSrnEf9aJ5.mxl
000305	render:parse: ExpanderException: cannot expand Stream: badly formed repeats or repeat expressions	/root/datasets/pdmx/mxl/17/28/QmZkUAGYXbvoQPAHCux3JWAzHUWchc1RQN5a1xUT3iWStd.mxl
000328	render:parse: AttributeError: 'Unpitched' object has no attribute 'pitch'	/root/datasets/pdmx/mxl/0/44/QmatxGAriTvVuaFeCU4uii7hUs7dc8UCPoMf9zmVwc3at4.mxl
000362	render:parse: AttributeError: 'Unpitched' object has no attribute 'pitch'	/root/datasets/pdmx/mxl/1/18/QmbEV4R28enecAcqpeZKfTDVVhPDyGqpw8U47S35mHPspK.mxl
000375	render:parse: AttributeError: 'Unpitched' object has no attribute 'pitch'	/root/datasets/pdmx/mxl/14/9/QmWaDLkaw33Ce6KWuHPwDAE7fPbTayhN9kHwWp9Kgr71yM.mxl
000382	render:parse: AttributeError: 'Unpitched' object has no attribute 'pitch'	/root/datasets/pdmx/mxl/17/21/QmZgE12nTQmtbbwavJk8DUfF6fwSJXqeXEEA2fzsvKaBv2.mxl
000388	render:parse: AttributeError: 'Unpitched' object has no attribute 'pitch'	/root/datasets/pdmx/mxl/13/21/QmVg9GgBqKxLAGmCc5EBC7jheaR5orCEQofmYFg3fNsee6.mxl
000391	render:parse: AttributeError: 'Unpitched' object has no attribute 'pitch'	/root/datasets/pdmx/mxl/8/44/QmQtd5oR9MfkK4Jk5pByNBsFRF4JahCZSahg1J6AHHLaBM.mxl
000394	render:parse: AttributeError: 'Unpitched' object has no attribute 'pitch'	/root/datasets/pdmx/mxl/16/51/QmYWKeWZXn22mBZu19LHn5tZBVQmPdqsTs4AenPab1uTgb.mxl
000408	render:parse: AttributeError: 'Unpitched' object has no attribute 'pitch'	/root/datasets/pdmx/mxl/0/1/Qma2kmiYM6Wa8J5whjB8EqcPTiDBPULXNRFk3Uvj5iX5do.mxl
000412	render:parse: AttributeError: 'Unpitched' object has no attribute 'pitch'	/root/datasets/pdmx/mxl/17/8/QmZ9u6CSoapZz6mf3DikKbYc8WPYabR1fMTgeZoVgrqNCn.mxl
000422	render:parse: ExpanderException: cannot expand Stream: badly formed repeats or repeat expressions	/root/datasets/pdmx/mxl/14/20/QmWFrdBTJUSbbZUpLSk4UdMPjEnM8tqc8QmpFXePQTnHLn.mxl
000434	render:parse: AttributeError: 'Unpitched' object has no attribute 'pitch'	/root/datasets/pdmx/mxl/12/4/QmU5TvFSchsGPm36AME3TqoPSmDB7WQ3L5BWpARobkia1K.mxl
000436	render:parse: AttributeError: 'Unpitched' object has no attribute 'pitch'	/root/datasets/pdmx/mxl/8/50/QmQwsDxpo5oPDKycteKCuXikrdpLrjiiDNfxBFVfw53vPo.mxl
000439	render:parse: AttributeError: 'Unpitched' object has no attribute 'pitch'	/root/datasets/pdmx/mxl/12/46/QmUuXSKuYAQFAwvCyH2LMeJq4Mw79GESktKR1CwJB5axpy.mxl
000442	render:parse: AttributeError: 'Unpitched' object has no attribute 'pitch'	/root/datasets/pdmx/mxl/4/43/QmeSkDtPdjrTssduo1vgT4tJ4XkxwFeVgir4KAor4rt2aR.mxl
000448	render:parse: AttributeError: 'Unpitched' object has no attribute 'pitch'	/root/datasets/pdmx/mxl/7/39/QmPQAYcqYygkmvhbcVujNJdGGNdH5Jkt1EXA6YC6xaHm1a.mxl
000453	render:parse: AttributeError: 'Unpitched' object has no attribute 'pitch'	/root/datasets/pdmx/mxl/0/31/QmamrMSw678V1dV6n1VL4BJ5tWXKeomcs9Rxe9tSzfQvEV.mxl
000456	render:parse: AttributeError: 'Unpitched' object has no attribute 'pitch'	/root/datasets/pdmx/mxl/0/23/QmahgtAZBHsW53eU836qSBoAkdkntkWMawQGrbpjH4BFgq.mxl
000459	render:parse: AttributeError: 'Unpitched' object has no attribute 'pitch'	/root/datasets/pdmx/mxl/10/36/QmSpd7VJduCD2SKVix6nracuUbH6gGp6k5XaC4ZrnBgupU.mxl
000463	render:parse: AttributeError: 'Unpitched' object has no attribute 'pitch'	/root/datasets/pdmx/mxl/12/56/QmUzMgqatNWKKAH3gGsukqZFeKAAMpbvx5nHxxbQSVvuwJ.mxl
000598	render:parse: ExpanderException: cannot expand Stream: badly formed repeats or repeat expressions	/root/datasets/pdmx/mxl/3/57/QmdZ39Ff7BRgC9wF1YB2fZ879wzroQkRSXEeKjGBPwkfiB.mxl
000642	render:parse: AttributeError: 'PercussionChord' object has no attribute 'pitch'	/root/datasets/pdmx/mxl/1/8/Qmb9vx2GqKdECSw6Sckw2pGXHcVUvR8LoA8Xzcip9kHS9u.mxl
000709	render:parse: AttributeError: 'Unpitched' object has no attribute 'pitch'	/root/datasets/pdmx/mxl/8/41/QmQRXQQGyirQES88KjDfbPidFsPDFCCu25o4qQY6JUWCHG.mxl
000740	render:parse: ExpanderException: cannot expand Stream: badly formed repeats or repeat expressions	/root/datasets/pdmx/mxl/16/48/QmYvc7J5mX8wG3VoQNWRygt82K1bSDVkrHLBGRXqtBq3i8.mxl
000783	render:parse: AttributeError: 'Unpitched' object has no attribute 'pitch'	/root/datasets/pdmx/mxl/7/45/QmPTr7rg7qzBjUe7NSwM29tyuoKESFhd1L3ps51xMWBzw5.mxl
000793	render:parse: ExpanderException: cannot expand Stream: badly formed repeats or repeat expressions	/root/datasets/pdmx/mxl/11/14/QmTCZSgdVNdhgqMQMCNMoH3Y9FQuigaRcD2D57u6eW3mZK.mxl
000806	render:parse: AttributeError: 'Unpitched' object has no attribute 'pitch'	/root/datasets/pdmx/mxl/11/34/QmTNtNEbhoDQAyQWphdc1TGY8DNRuLdmWUESnv9hw6EFbR.mxl
000855	render:parse: AttributeError: 'Unpitched' object has no attribute 'pitch'	/root/datasets/pdmx/mxl/7/48/QmPvoWVxCjUvwH4orome2FGBRZ1bbf3f8yTNGB7v558AE4.mxl
000861	render:parse: AttributeError: 'Unpitched' object has no attribute 'pitch'	/root/datasets/pdmx/mxl/1/16/QmbDMBRigNKqjFMTJL96L1xs22kGNU648QwD1UjEL5w3LG.mxl
000872	render:parse: AttributeError: 'Unpitched' object has no attribute 'pitch'	/root/datasets/pdmx/mxl/9/7/QmR83sy9d7azMMSmq4PXHEcE92kyHM67pMhQnnhkysRZHU.mxl
000895	render:parse: ExpanderException: cannot expand Stream: badly formed repeats or repeat expressions	/root/datasets/pdmx/mxl/6/17/QmNepjPcgyTjCZRysxvS2UZDHxrx293gh61L8xPKmcf5RU.mxl
000910	render:parse: ExpanderException: cannot expand Stream: badly formed repeats or repeat expressions	/root/datasets/pdmx/mxl/17/40/QmZrKUCf5inY3TYnm5tX8LHYy4FMZN94ywjM7NrQ6VYNHP.mxl
000912	render:parse: ExpanderException: cannot expand Stream: badly formed repeats or repeat expressions	/root/datasets/pdmx/mxl/9/39/QmRQq6zm4GpVKxwfefj1pudzznrfobTJqb7WZvbZjG6UAj.mxl
000919	render:parse: AttributeError: 'Unpitched' object has no attribute 'pitch'	/root/datasets/pdmx/mxl/16/43/QmYSBxZTtkCejWsy6ro9u3wu2pMhdxaPSMrEad5ez9tG6r.mxl
000927	render:parse: AttributeError: 'PercussionChord' object has no attribute 'pitch'	/root/datasets/pdmx/mxl/4/12/QmeBnbxChdWn6oUub5TNSJWzNJcyJTsmx2UbCmFVjkbSfE.mxl
000928	render:parse: AttributeError: 'Unpitched' object has no attribute 'pitch'	/root/datasets/pdmx/mxl/3/23/QmdhCiYDFkcHXSLju51295ejNofaTbA7YRR5JPrEynQ6i5.mxl
000930	render:parse: AttributeError: 'Unpitched' object has no attribute 'pitch'	/root/datasets/pdmx/mxl/6/48/QmNvz484oPxHqxGtFgTf5zizqrWZhRXoStraR6XtBdpugQ.mxl
000938	render:parse: ExpanderException: cannot expand Stream: badly formed repeats or repeat expressions	/root/datasets/pdmx/mxl/2/3/Qmc4zrFwai1fgqD9aKkfxGtv7dAvgyetMif3j2RjtnYrcP.mxl
000945	render:parse: AttributeError: 'Unpitched' object has no attribute 'pitch'	/root/datasets/pdmx/mxl/15/45/QmXThHPW3rTBg4ZtQUtnqYFpiQbGUjKBZyKN5iJf4sFUbc.mxl
000951	render:parse: AttributeError: 'Unpitched' object has no attribute 'pitch'	/root/datasets/pdmx/mxl/3/0/Qmd1r3VkpGbZRzXbDvC8FwVDkZsenijdYzxjSygNJffx6m.mxl
000958	render:parse: AttributeError: 'Unpitched' object has no attribute 'pitch'	/root/datasets/pdmx/mxl/15/51/QmXWpCwGCMGNz63iBBbZ5f4F6mvGYxvHVwHpirF3G95stt.mxl
000982	render:parse: ExpanderException: cannot expand Stream: badly formed repeats or repeat expressions	/root/datasets/pdmx/mxl/11/56/QmTzB5cucYG7UbYtCA5PxfPv3a6M9ZL1wzDLWHPYZvfCQP.mxl
001020	render:parse: ExpanderException: cannot expand Stream: badly formed repeats or repeat expressions	/root/datasets/pdmx/mxl/4/49/QmeVfH6zWHfnb77E3EykzqwVEmc1w5ntHdD27t6Y6a5A4t.mxl
001027	render:parse: AttributeError: 'Unpitched' object has no attribute 'pitch'	/root/datasets/pdmx/mxl/8/51/QmQWDXjD8CLbtFrev6zf7LJMFdJ35gmaYf2wj5r2Xkz8mY.mxl
001028	render:parse: AttributeError: 'Unpitched' object has no attribute 'pitch'	/root/datasets/pdmx/mxl/11/43/QmTSfm7RX8b2urLki9kR2DDpyVwPNXg1sv5FqbHn9T6Y5n.mxl
001034	render:parse: AttributeError: 'Unpitched' object has no attribute 'pitch'	/root/datasets/pdmx/mxl/12/23/QmUhoyBDJvh3hodot9aWHkeNRjW1h3BNEyU8ta1RyZU4MQ.mxl
001049	render:parse: ExpanderException: cannot expand Stream: badly formed repeats or repeat expressions	/root/datasets/pdmx/mxl/2/12/QmcBG2SuLsbNBzvPe4iZS9dsaJ8tmHbb9A2s8D2MhJBaK2.mxl
001050	render:parse: ExpanderException: cannot expand Stream: badly formed repeats or repeat expressions	/root/datasets/pdmx/mxl/16/49/QmYV7mgtmcW1YrtSzjaxdenM3Did2wqcWuJBPTTxb6SsKG.mxl
001070	render:parse: AttributeError: 'Unpitched' object has no attribute 'pitch'	/root/datasets/pdmx/mxl/10/9/QmSa6dJzD5aKzdfijVdkh1ahwkWehmPFKb1GaeF7jX4nbV.mxl
001130	render:parse: AttributeError: 'Unpitched' object has no attribute 'pitch'	/root/datasets/pdmx/mxl/7/49/QmPVS4Q9xGT7w83q8R9z41KB1uKFqVBgDhQ81kAhUrxMxd.mxl
001410	render:parse: ExpanderException: cannot expand Stream: badly formed repeats or repeat expressions	/root/datasets/pdmx/mxl/17/41/QmZR6oea65vyq4eWqNL4wS8eEkKDcrfFmqAtLNL4ivQVTg.mxl
001503	render:parse: AttributeError: 'Unpitched' object has no attribute 'pitch'	/root/datasets/pdmx/mxl/17/56/QmZzWrv8KU7eNWJxAQvx418uWy5Djr58YyQ6afLBdDDdDd.mxl
001538	render:parse: ExpanderException: cannot expand Stream: badly formed repeats or repeat expressions	/root/datasets/pdmx/mxl/6/42/QmNsEp6CcrWFThNokCTPKQndGzeTM2Zu7TQgEtHtncLdxi.mxl
001539	render:parse: ExpanderException: cannot expand Stream: badly formed repeats or repeat expressions	/root/datasets/pdmx/mxl/5/22/QmfGJaw547E9JsThUAbhcjs3HuFhpJVhbNs8FToxqBHmUf.mxl
001628	render:parse: ExpanderException: cannot expand Stream: badly formed repeats or repeat expressions	/root/datasets/pdmx/mxl/14/7/QmW8fc6p3ajg8nZfc7nYoEm6Py2L2gQk1U5VABpaS3ZfK8.mxl
001675	render:parse: ExpanderException: cannot expand Stream: badly formed repeats or repeat expressions	/root/datasets/pdmx/mxl/12/56/QmUzqz37EhctBa6osRmbbLnRZAFP9d1Xo8S5xteGtDUj5Z.mxl
001764	render:parse: AttributeError: 'Unpitched' object has no attribute 'pitch'	/root/datasets/pdmx/mxl/12/48/QmUv7a2A5EoAU4MkkPw8GffH74vFiwystqUXPvoUKqR1ja.mxl
001899	render:parse: AttributeError: 'Unpitched' object has no attribute 'pitch'	/root/datasets/pdmx/mxl/11/31/QmTmA4g8o99Msz5nREiNZJv3Cv52Jo3VoXByPQPFAw59U9.mxl
001910	render:parse: ExpanderException: cannot expand Stream: badly formed repeats or repeat expressions	/root/datasets/pdmx/mxl/17/3/QmZ4ZwNXcE2om35Aw1551v4VzZctV7tu1ML6zYHMZSzLZE.mxl
001914	render:parse: ExpanderException: cannot expand Stream: badly formed repeats or repeat expressions	/root/datasets/pdmx/mxl/16/57/QmYZ9A5AoBheJy2WgdkRZDKusT2KeYdNafu3ZvyRBhPUny.mxl
001933	render:parse: ExpanderException: cannot expand Stream: badly formed repeats or repeat expressions	/root/datasets/pdmx/mxl/6/56/QmNzpqqqSWnq5YMAPLFbgW14B3gECVoQeyA5WxW6fTbFtm.mxl
001978	render:parse: ExpanderException: cannot expand Stream: badly formed repeats or repeat expressions	/root/datasets/pdmx/mxl/0/10/QmaADCjw6NxDvBnANRsZTCNAiMqWB1DanaJYXHzeGVRPhH.mxl
001989	render:parse: ExpanderException: cannot expand Stream: badly formed repeats or repeat expressions	/root/datasets/pdmx/mxl/1/21/QmbgyNdPxnThZbyoFEpPEqvVck938TKUH8fR2dFNwD6aWq.mxl
002015	render:parse: ExpanderException: cannot expand Stream: badly formed repeats or repeat expressions	/root/datasets/pdmx/mxl/1/1/Qmb2uQ6i9NNTK8CQVN4kqcjfSQgs3qbhXHWcSY9Qtn2iR4.mxl
002018	render:parse: AttributeError: 'Unpitched' object has no attribute 'pitch'	/root/datasets/pdmx/mxl/2/30/QmcLNWTh1wAM5C8c6hUVFir8bpurfezD2URZbKrH8pZisU.mxl
002031	render:parse: ExpanderException: cannot expand Stream: badly formed repeats or repeat expressions	/root/datasets/pdmx/mxl/0/9/Qmaau6ghHLtpXpKCDh1L3WDWzCa7VfZADkqf6b2yjMPmJq.mxl
002070	render:parse: ExpanderException: cannot expand Stream: badly formed repeats or repeat expressions	/root/datasets/pdmx/mxl/9/11/QmRb7Mjm7z7pHJ8ySSjnPW1sfWCpbMT7qK9LYu8muhV1tf.mxl
002099	render:parse: AttributeError: 'Unpitched' object has no attribute 'pitch'	/root/datasets/pdmx/mxl/6/41/QmNRMeWFRhHKMBCe8QenwTmALbDPkdH8KwfhgXpwUCQE9f.mxl
002104	render:parse: ExpanderException: cannot expand Stream: badly formed repeats or repeat expressions	/root/datasets/pdmx/mxl/1/18/QmbExWdYMgeNiSyisiSwYKUrBaUeqGfdQNhDztWKDdkCto.mxl
002105	render:parse: ExpanderException: cannot expand Stream: badly formed repeats or repeat expressions	/root/datasets/pdmx/mxl/15/34/QmXN7iuLGr6S8UP5FKcYTMx66MZBWfTHxWExd2mh9rDTyC.mxl
002133	render:parse: ExpanderException: cannot expand Stream: badly formed repeats or repeat expressions	/root/datasets/pdmx/mxl/10/16/QmSDzs2eestyStqqunrRJUJxDi3g8i5YpomTrLd1JHpv6K.mxl
002134	render:parse: ExpanderException: cannot expand Stream: badly formed repeats or repeat expressions	/root/datasets/pdmx/mxl/10/6/QmS7Nk2mEaztG16uomhG6iZkrZKNAYXKBkmESqTkth5HnU.mxl
002138	render:parse: ExpanderException: cannot expand Stream: badly formed repeats or repeat expressions	/root/datasets/pdmx/mxl/17/30/QmZLgwnKTHcsb5oh9SeETGETmSw2PHkixr7cDiBPSdXNMv.mxl
002142	render:parse: ExpanderException: cannot expand Stream: badly formed repeats or repeat expressions	/root/datasets/pdmx/mxl/7/49/QmPVbAmJBig7zpHqpNaZ3oCB3UwpwdZ3oa867sY4xbMEqm.mxl
002152	render:parse: AttributeError: 'Unpitched' object has no attribute 'pitch'	/root/datasets/pdmx/mxl/16/13/QmYcx7aYwnqLQkrpMTTYji7xUJPdvHr5QdaCgrK6APVJ7E.mxl
002173	render:parse: AttributeError: 'Unpitched' object has no attribute 'pitch'	/root/datasets/pdmx/mxl/0/42/QmasA843jrN9tEHKcNaFZFNBCTR2D1XoAzewTLHwDVxxf1.mxl
002197	render:parse: ExpanderException: cannot expand Stream: badly formed repeats or repeat expressions	/root/datasets/pdmx/mxl/9/54/QmRyJdH8iZDXBxkZEAMLX5XV1Z4f8wS5Mgq3jk9gq1fhER.mxl
002227	render:parse: AttributeError: 'Unpitched' object has no attribute 'pitch'	/root/datasets/pdmx/mxl/2/46/QmcuwE19pkQfgY9N7pACd9SgDKR9KCAhJxD2L3FDyEvU1x.mxl
002243	render:parse: ExpanderException: cannot expand Stream: badly formed repeats or repeat expressions	/root/datasets/pdmx/mxl/16/41/QmYRch5AFwodt425UNMwRq4BZGq2JnUEYV3KfqKXyuqEkc.mxl
002246	render:parse: AttributeError: 'Unpitched' object has no attribute 'pitch'	/root/datasets/pdmx/mxl/11/32/QmTMMMNjW2fAR6g3NqYYB2ayQbqByY2rHbY7GLxHccM127.mxl
